<?xml version="1.0" encoding="UTF-8"?>
<!-- Generated by org.testng.reporters.JUnitXMLReporter -->
<testsuite hostname="Kavuris-MacBook-Pro.local" ignored="0" name="Selenium-UI-Framework" tests="1" failures="1" timestamp="2021-01-30T17:47:29 GMT" time="6.36" errors="0">
  <testcase name="@AfterMethod tearDown" time="0.0" classname="com.web.tests.LoginPageTests">
    <failure type="java.lang.NullPointerException">
      <![CDATA[java.lang.NullPointerException
at com.web.tests.LoginPageTests.tearDown(LoginPageTests.java:32)
at java.util.ArrayList.forEach(ArrayList.java:1255)
at com.intellij.rt.testng.IDEARemoteTestNG.run(IDEARemoteTestNG.java:66)
at com.intellij.rt.testng.RemoteTestNGStarter.main(RemoteTestNGStarter.java:110)
... Removed 29 stack frames]]>
    </failure>
  </testcase> <!-- @AfterMethod tearDown -->
  <testcase name="test1" time="0.007" classname="com.web.tests.LoginPageTests">
    <failure type="java.lang.NullPointerException">
      <![CDATA[java.lang.NullPointerException
at com.web.tests.LoginPageTests.test1(LoginPageTests.java:26)
at java.util.ArrayList.forEach(ArrayList.java:1255)
at com.intellij.rt.testng.IDEARemoteTestNG.run(IDEARemoteTestNG.java:66)
at com.intellij.rt.testng.RemoteTestNGStarter.main(RemoteTestNGStarter.java:110)
... Removed 24 stack frames]]>
    </failure>
  </testcase> <!-- test1 -->
</testsuite> <!-- Selenium-UI-Framework -->
